<?xml version="1.0" encoding="UTF-8"?>
<!-- Generated by org.testng.reporters.JUnitReportReporter -->
<testsuite hostname="DESKTOP-NQO6M38" failures="0" tests="3" name="testRunner.TestRunner" time="0.227" errors="0" timestamp="2025-12-05T21:20:53 IST" skipped="0">
  <testcase classname="testRunner.TestRunner" name="runScenario" time="0.021"/>
  <testcase classname="testRunner.TestRunner" name="runScenario" time="0.034"/>
  <testcase classname="testRunner.TestRunner" name="runScenario" time="0.172"/>
</testsuite> <!-- testRunner.TestRunner -->
